2018-08-29 10:36:02,569 DEBUG Got a command ADD with bet 1.

2018-08-29 10:36:02,571 DEBUG Bet 1 is UNDEFINED.

2018-08-29 10:36:02,574 DEBUG Got a command ACCEPT with bet 1.

2018-08-29 10:36:02,576 DEBUG Bet 1 is OK UNDEFINED.

2018-08-29 10:36:02,577 DEBUG Bets set() are now SELL.

2018-08-29 10:36:02,578 DEBUG All SELL: {1000000000}.

2018-08-29 10:36:02,579 DEBUG Bets set() are now BUY.

2018-08-29 10:36:02,582 DEBUG ALL BUY: {0}.

2018-08-29 10:36:02,584 DEBUG Got a command ADD with bet 2.

2018-08-29 10:36:02,590 DEBUG Bet 2 is UNDEFINED.

2018-08-29 10:36:02,593 DEBUG Got a command ACCEPT with bet 2.

2018-08-29 10:36:02,595 DEBUG Bet 2 is OK UNDEFINED.

2018-08-29 10:36:02,596 DEBUG Bets set() are now SELL.

2018-08-29 10:36:02,596 DEBUG All SELL: {1000000000}.

2018-08-29 10:36:02,597 DEBUG Bets set() are now BUY.

2018-08-29 10:36:02,597 DEBUG ALL BUY: {0}.

2018-08-29 10:36:02,598 DEBUG Got a command ADD with bet 3.

2018-08-29 10:36:02,598 DEBUG Bet 3 is UNDEFINED.

2018-08-29 10:36:02,599 DEBUG Got a command ACCEPT with bet 3.

2018-08-29 10:36:02,601 DEBUG Bet 3 is OK UNDEFINED.

2018-08-29 10:36:02,603 DEBUG Bets set() are now SELL.

2018-08-29 10:36:02,604 DEBUG All SELL: {1000000000}.

2018-08-29 10:36:02,605 DEBUG Bets set() are now BUY.

2018-08-29 10:36:02,606 DEBUG ALL BUY: {0}.

2018-08-29 10:36:02,606 DEBUG Bets set() are UNDEFINED.

2018-08-29 10:36:11,103 DEBUG Got a command ADD with bet 1.

2018-08-29 10:36:11,104 DEBUG Bet 1 is UNDEFINED.

2018-08-29 10:36:11,104 DEBUG Got a command ACCEPT with bet 1.

2018-08-29 10:36:11,105 DEBUG Bet 1 is OK UNDEFINED.

2018-08-29 10:36:11,105 DEBUG Bets set() are now SELL.

2018-08-29 10:36:11,105 DEBUG All SELL: {1000000000}.

2018-08-29 10:36:11,106 DEBUG Bets set() are now BUY.

2018-08-29 10:36:11,106 DEBUG ALL BUY: {0}.

2018-08-29 10:36:11,106 DEBUG Got a command ADD with bet 2.

2018-08-29 10:36:11,106 DEBUG Bet 2 is UNDEFINED.

2018-08-29 10:36:11,107 DEBUG Got a command ACCEPT with bet 2.

2018-08-29 10:36:11,107 DEBUG Bet 2 is OK UNDEFINED.

2018-08-29 10:36:11,107 DEBUG Bets set() are now SELL.

2018-08-29 10:36:11,107 DEBUG All SELL: {1000000000}.

2018-08-29 10:36:11,108 DEBUG Bets set() are now BUY.

2018-08-29 10:36:11,108 DEBUG ALL BUY: {0}.

2018-08-29 10:36:11,108 DEBUG Got a command ADD with bet 3.

2018-08-29 10:36:11,109 DEBUG Bet 3 is UNDEFINED.

2018-08-29 10:36:11,109 DEBUG Got a command ACCEPT with bet 3.

2018-08-29 10:36:11,109 DEBUG Bet 3 is OK UNDEFINED.

2018-08-29 10:36:11,109 DEBUG Bets set() are now SELL.

2018-08-29 10:36:11,109 DEBUG All SELL: {1000000000}.

2018-08-29 10:36:11,109 DEBUG Bets set() are now BUY.

2018-08-29 10:36:11,110 DEBUG ALL BUY: {0}.

2018-08-29 10:36:11,110 DEBUG Bets set() are UNDEFINED.

2018-08-29 10:36:35,581 DEBUG Got a command ADD with bet 1.

2018-08-29 10:36:35,583 DEBUG Bet 1 is UNDEFINED.

2018-08-29 10:36:35,586 DEBUG Got a command ADD with bet 2.

2018-08-29 10:36:35,588 DEBUG Bet 2 is UNDEFINED.

2018-08-29 10:36:35,589 DEBUG Got a command ADD with bet 3.

2018-08-29 10:36:35,590 DEBUG Bet 3 is UNDEFINED.

2018-08-29 10:36:35,591 DEBUG Got a command ACCEPT with bet 2.

2018-08-29 10:36:35,594 DEBUG Bet 2 is OK UNDEFINED.

2018-08-29 10:36:35,596 DEBUG Bets {3} are now SELL.

2018-08-29 10:36:35,597 DEBUG All SELL: {1000000000, 3}.

2018-08-29 10:36:35,597 DEBUG Bets {3} are now BUY.

2018-08-29 10:36:35,598 DEBUG ALL BUY: {0, 1}.

2018-08-29 10:36:35,598 DEBUG Bets set() are UNDEFINED.

2018-08-29 10:36:37,971 DEBUG Got a command ADD with bet 1.

2018-08-29 10:36:37,973 DEBUG Bet 1 is UNDEFINED.

2018-08-29 10:36:37,974 DEBUG Got a command ADD with bet 2.

2018-08-29 10:36:37,976 DEBUG Bet 2 is UNDEFINED.

2018-08-29 10:36:37,979 DEBUG Got a command ADD with bet 3.

2018-08-29 10:36:37,980 DEBUG Bet 3 is UNDEFINED.

2018-08-29 10:36:37,982 DEBUG Got a command ADD with bet 4.

2018-08-29 10:36:37,984 DEBUG Bet 4 is UNDEFINED.

2018-08-29 10:36:37,984 DEBUG Got a command ADD with bet 5.

2018-08-29 10:36:37,986 DEBUG Bet 5 is UNDEFINED.

2018-08-29 10:36:37,986 DEBUG Got a command ACCEPT with bet 3.

2018-08-29 10:36:37,987 DEBUG Bet 3 is OK UNDEFINED.

2018-08-29 10:36:37,988 DEBUG Bets {4, 5} are now SELL.

2018-08-29 10:36:37,988 DEBUG All SELL: {1000000000, 4, 5}.

2018-08-29 10:36:37,989 DEBUG Bets {4, 5} are now BUY.

2018-08-29 10:36:37,989 DEBUG ALL BUY: {0, 1, 2}.

2018-08-29 10:36:37,990 DEBUG Got a command ACCEPT with bet 5.

2018-08-29 10:36:37,990 DEBUG Bet 5 is OK UNDEFINED.

2018-08-29 10:36:37,991 DEBUG Bets set() are now SELL.

2018-08-29 10:36:37,991 DEBUG All SELL: {1000000000, 4, 5}.

2018-08-29 10:36:37,992 DEBUG Bets set() are now BUY.

2018-08-29 10:36:37,996 DEBUG ALL BUY: {0, 1, 2}.

2018-08-29 10:36:37,999 DEBUG Bets set() are UNDEFINED.

2018-08-29 10:37:16,438 DEBUG Got a command ADD with bet 1.

2018-08-29 10:37:16,438 DEBUG Bet 1 is UNDEFINED.

2018-08-29 10:37:16,439 DEBUG Got a command ADD with bet 2.

2018-08-29 10:37:16,439 DEBUG Bet 2 is UNDEFINED.

2018-08-29 10:37:16,439 DEBUG Got a command ADD with bet 3.

2018-08-29 10:37:16,440 DEBUG Bet 3 is UNDEFINED.

2018-08-29 10:37:16,440 DEBUG Got a command ADD with bet 4.

2018-08-29 10:37:16,440 DEBUG Bet 4 is UNDEFINED.

2018-08-29 10:37:16,441 DEBUG Got a command ADD with bet 5.

2018-08-29 10:37:16,441 DEBUG Bet 5 is UNDEFINED.

2018-08-29 10:37:16,441 DEBUG Got a command ACCEPT with bet 3.

2018-08-29 10:37:16,441 DEBUG Bet 3 is OK UNDEFINED.

2018-08-29 10:37:16,441 DEBUG Bets {4, 5} are now SELL.

2018-08-29 10:37:16,441 DEBUG All SELL: {1000000000, 4, 5}.

2018-08-29 10:37:16,442 DEBUG Bets {1, 2} are now BUY.

2018-08-29 10:37:16,442 DEBUG ALL BUY: {0, 1, 2}.

2018-08-29 10:37:16,442 DEBUG Got a command ACCEPT with bet 5.

2018-08-29 10:37:16,442 DEBUG Bet 5 is OK UNDEFINED.

2018-08-29 10:37:16,442 DEBUG Bets set() are now SELL.

2018-08-29 10:37:16,442 DEBUG All SELL: {1000000000, 4, 5}.

2018-08-29 10:37:16,442 DEBUG Bets set() are now BUY.

2018-08-29 10:37:16,442 DEBUG ALL BUY: {0, 1, 2}.

2018-08-29 10:37:16,442 DEBUG Bets set() are UNDEFINED.

2018-08-29 10:39:41,423 DEBUG Got a command ADD with bet 1.

2018-08-29 10:39:41,424 DEBUG Bet 1 is UNDEFINED.

2018-08-29 10:39:41,424 DEBUG Got a command ADD with bet 2.

2018-08-29 10:39:41,426 DEBUG Bet 2 is UNDEFINED.

2018-08-29 10:39:41,427 DEBUG Got a command ADD with bet 3.

2018-08-29 10:39:41,429 DEBUG Bet 3 is UNDEFINED.

2018-08-29 10:39:41,429 DEBUG Got a command ADD with bet 4.

2018-08-29 10:39:41,430 DEBUG Bet 4 is UNDEFINED.

2018-08-29 10:39:41,430 DEBUG Got a command ADD with bet 5.

2018-08-29 10:39:41,431 DEBUG Bet 5 is UNDEFINED.

2018-08-29 10:39:41,431 DEBUG Got a command ACCEPT with bet 3.

2018-08-29 10:39:41,432 DEBUG Bet 3 is OK UNDEFINED.

2018-08-29 10:39:41,435 DEBUG Bets {4, 5} are now SELL.

2018-08-29 10:39:41,437 DEBUG All SELL: {1000000000, 4, 5}.

2018-08-29 10:39:41,439 DEBUG Best SELL is now 4.

2018-08-29 10:39:41,439 DEBUG Bets {1, 2} are now BUY.

2018-08-29 10:39:41,439 DEBUG ALL BUY: {0, 1, 2}.

2018-08-29 10:39:41,440 DEBUG Best BUY is now 2.

2018-08-29 10:39:41,440 DEBUG Got a command ACCEPT with bet 5.

2018-08-29 10:39:41,441 DEBUG Bet 5 is invalid.

2018-08-29 10:39:41,441 DEBUG Bets set() are UNDEFINED.

2018-08-29 10:40:06,618 DEBUG Got a command ADD with bet 1.

2018-08-29 10:40:06,620 DEBUG Bet 1 is UNDEFINED.

2018-08-29 10:40:06,623 DEBUG Got a command ACCEPT with bet 1.

2018-08-29 10:40:06,624 DEBUG Bet 1 is OK UNDEFINED.

2018-08-29 10:40:06,626 DEBUG Bets set() are now SELL.

2018-08-29 10:40:06,626 DEBUG All SELL: {1000000000}.

2018-08-29 10:40:06,628 DEBUG Best SELL is now 1000000000.

2018-08-29 10:40:06,631 DEBUG Bets set() are now BUY.

2018-08-29 10:40:06,633 DEBUG ALL BUY: {0}.

2018-08-29 10:40:06,633 DEBUG Best BUY is now 0.

2018-08-29 10:40:06,635 DEBUG Got a command ADD with bet 2.

2018-08-29 10:40:06,635 DEBUG Bet 2 is UNDEFINED.

2018-08-29 10:40:06,636 DEBUG Got a command ACCEPT with bet 2.

2018-08-29 10:40:06,636 DEBUG Bet 2 is OK UNDEFINED.

2018-08-29 10:40:06,637 DEBUG Bets set() are now SELL.

2018-08-29 10:40:06,637 DEBUG All SELL: {1000000000}.

2018-08-29 10:40:06,637 DEBUG Best SELL is now 1000000000.

2018-08-29 10:40:06,638 DEBUG Bets set() are now BUY.

2018-08-29 10:40:06,638 DEBUG ALL BUY: {0}.

2018-08-29 10:40:06,639 DEBUG Best BUY is now 0.

2018-08-29 10:40:06,642 DEBUG Got a command ADD with bet 3.

2018-08-29 10:40:06,644 DEBUG Bet 3 is UNDEFINED.

2018-08-29 10:40:06,645 DEBUG Got a command ACCEPT with bet 3.

2018-08-29 10:40:06,646 DEBUG Bet 3 is OK UNDEFINED.

2018-08-29 10:40:06,646 DEBUG Bets set() are now SELL.

2018-08-29 10:40:06,647 DEBUG All SELL: {1000000000}.

2018-08-29 10:40:06,647 DEBUG Best SELL is now 1000000000.

2018-08-29 10:40:06,648 DEBUG Bets set() are now BUY.

2018-08-29 10:40:06,648 DEBUG ALL BUY: {0}.

2018-08-29 10:40:06,649 DEBUG Best BUY is now 0.

2018-08-29 10:40:06,649 DEBUG Bets set() are UNDEFINED.

2018-08-29 10:40:07,530 DEBUG Got a command ADD with bet 1.

2018-08-29 10:40:07,532 DEBUG Bet 1 is UNDEFINED.

2018-08-29 10:40:07,535 DEBUG Got a command ADD with bet 2.

2018-08-29 10:40:07,537 DEBUG Bet 2 is UNDEFINED.

2018-08-29 10:40:07,538 DEBUG Got a command ADD with bet 3.

2018-08-29 10:40:07,539 DEBUG Bet 3 is UNDEFINED.

2018-08-29 10:40:07,539 DEBUG Got a command ACCEPT with bet 2.

2018-08-29 10:40:07,540 DEBUG Bet 2 is OK UNDEFINED.

2018-08-29 10:40:07,543 DEBUG Bets {3} are now SELL.

2018-08-29 10:40:07,546 DEBUG All SELL: {1000000000, 3}.

2018-08-29 10:40:07,546 DEBUG Best SELL is now 3.

2018-08-29 10:40:07,547 DEBUG Bets {1} are now BUY.

2018-08-29 10:40:07,548 DEBUG ALL BUY: {0, 1}.

2018-08-29 10:40:07,549 DEBUG Best BUY is now 1.

2018-08-29 10:40:07,550 DEBUG Bets set() are UNDEFINED.

2018-08-29 10:40:08,377 DEBUG Got a command ADD with bet 1.

2018-08-29 10:40:08,380 DEBUG Bet 1 is UNDEFINED.

2018-08-29 10:40:08,383 DEBUG Got a command ADD with bet 2.

2018-08-29 10:40:08,385 DEBUG Bet 2 is UNDEFINED.

2018-08-29 10:40:08,386 DEBUG Got a command ADD with bet 3.

2018-08-29 10:40:08,387 DEBUG Bet 3 is UNDEFINED.

2018-08-29 10:40:08,390 DEBUG Got a command ADD with bet 4.

2018-08-29 10:40:08,392 DEBUG Bet 4 is UNDEFINED.

2018-08-29 10:40:08,392 DEBUG Got a command ADD with bet 5.

2018-08-29 10:40:08,393 DEBUG Bet 5 is UNDEFINED.

2018-08-29 10:40:08,393 DEBUG Got a command ACCEPT with bet 3.

2018-08-29 10:40:08,394 DEBUG Bet 3 is OK UNDEFINED.

2018-08-29 10:40:08,394 DEBUG Bets {4, 5} are now SELL.

2018-08-29 10:40:08,395 DEBUG All SELL: {1000000000, 4, 5}.

2018-08-29 10:40:08,395 DEBUG Best SELL is now 4.

2018-08-29 10:40:08,396 DEBUG Bets {1, 2} are now BUY.

2018-08-29 10:40:08,396 DEBUG ALL BUY: {0, 1, 2}.

2018-08-29 10:40:08,397 DEBUG Best BUY is now 2.

2018-08-29 10:40:08,397 DEBUG Got a command ACCEPT with bet 5.

2018-08-29 10:40:08,398 DEBUG Bet 5 is invalid.

2018-08-29 10:40:08,398 DEBUG Bets set() are UNDEFINED.

